mktextfm futr8t+20
mktextfm futr8t-20
mktextfm ecss1095+20
mktextfm ecss1095-20
mktextfm futrc8t+20
mktextfm futrc8t-20
mktextfm futr8t+20
mktextfm futr8t-20
mktextfm futr8r-20
mktextfm futr8r-20
mktextfm fourier-alt-20
mktextfm fourier-alt-20
mktextfm futr8r-20
mktextfm fourier-alt-20
mktextfm futr8t+20
mktextfm futr8t-20
mktextfm ecss1200+20
mktextfm ecss1200-20
mktextfm futrc8t+20
mktextfm futrc8t-20
mktextfm futr8r-20
mktextfm futr8r-20
mktextfm fourier-alt-20
mktextfm fourier-alt-20
mktextfm futr8t+20
mktextfm futr8t-20
mktextfm ecss1095+20
mktextfm ecss1095-20
mktextfm futrc8t+20
mktextfm futrc8t-20
mktextfm futr8t+20
mktextfm futr8t-20
mktextfm futr8r-20
mktextfm futr8r-20
mktextfm fourier-alt-20
mktextfm fourier-alt-20
mktextfm futr8r-20
mktextfm fourier-alt-20
mktextfm futr8t+20
mktextfm futr8t-20
mktextfm ecss1200+20
mktextfm ecss1200-20
mktextfm futrc8t+20
mktextfm futrc8t-20
mktextfm futr8r-20
mktextfm futr8r-20
mktextfm fourier-alt-20
mktextfm fourier-alt-20
mktextfm futr8t+20
mktextfm futr8t-20
mktextfm ecss1095+20
mktextfm ecss1095-20
mktextfm futrc8t+20
mktextfm futrc8t-20
mktextfm futr8t+20
mktextfm futr8t-20
mktextfm futr8r-20
mktextfm futr8r-20
mktextfm fourier-alt-20
mktextfm fourier-alt-20
mktextfm futr8r-20
mktextfm fourier-alt-20
mktextfm futr8t+20
mktextfm futr8t-20
mktextfm ecss1200+20
mktextfm ecss1200-20
mktextfm futrc8t+20
mktextfm futrc8t-20
mktextfm futr8r-20
mktextfm futr8r-20
mktextfm fourier-alt-20
mktextfm fourier-alt-20
mktextfm futr8t+20
mktextfm futr8t-20
mktextfm ecss1095+20
mktextfm ecss1095-20
