This file contains any messages produced by compilers while
running configure, to aid debugging if configure makes a mistake.

It was created by LiDIA configure 2.3.0, which was
generated by GNU Autoconf 2.61.  Invocation command line was

  $ ./configure 

## --------- ##
## Platform. ##
## --------- ##

hostname = 155-99-173-201.uconnect.utah.edu
uname -m = x86_64
uname -r = 11.2.0
uname -s = Darwin
uname -v = Darwin Kernel Version 11.2.0: Tue Aug  9 20:54:00 PDT 2011; root:xnu-1699.24.8~1/RELEASE_X86_64

/usr/bin/uname -p = i386
/bin/uname -X     = unknown

/bin/arch              = unknown
/usr/bin/arch -k       = unknown
/usr/convex/getsysinfo = unknown
/usr/bin/hostinfo      = Mach kernel version:
	 Darwin Kernel Version 11.2.0: Tue Aug  9 20:54:00 PDT 2011; root:xnu-1699.24.8~1/RELEASE_X86_64
Kernel configured for up to 4 processors.
2 processors are physically available.
4 processors are logically available.
Processor type: i486 (Intel 80486)
Processors active: 0 1 2 3
Primary memory available: 4.00 gigabytes
Default processor set: 98 tasks, 486 threads, 4 processors
Load average: 0.51, Mach factor: 3.47
/bin/machine           = unknown
/usr/bin/oslevel       = unknown
/bin/universe          = unknown

PATH: /opt/local/bin
PATH: /opt/local/sbin
PATH: /usr/bin
PATH: /bin
PATH: /usr/sbin
PATH: /sbin
PATH: /usr/local/bin
PATH: /usr/X11/bin


## ----------- ##
## Core tests. ##
## ----------- ##

configure:2014: checking for a BSD-compatible install
configure:2070: result: /usr/bin/install -c
configure:2081: checking whether build environment is sane
configure:2124: result: yes
configure:2152: checking for a thread-safe mkdir -p
configure:2191: result: ./install-sh -c -d
configure:2204: checking for gawk
configure:2234: result: no
configure:2204: checking for mawk
configure:2234: result: no
configure:2204: checking for nawk
configure:2234: result: no
configure:2204: checking for awk
configure:2220: found /usr/bin/awk
configure:2231: result: awk
configure:2242: checking whether make sets $(MAKE)
configure:2263: result: yes
configure:2446: checking how to create a ustar tar archive
configure:2459: tar --version
bsdtar 2.8.3 - libarchive 2.8.3
configure:2462: $? = 0
configure:2502: tardir=conftest.dir && eval tar --format=ustar -chf - "$tardir" >conftest.tar
configure:2505: $? = 0
configure:2509: tar -xf - <conftest.tar
configure:2512: $? = 0
configure:2525: result: gnutar
configure:2689: checking for gcc
configure:2705: found /usr/bin/gcc
configure:2716: result: gcc
configure:2954: checking for C compiler version
configure:2961: gcc --version >&5
i686-apple-darwin11-llvm-gcc-4.2 (GCC) 4.2.1 (Based on Apple Inc. build 5658) (LLVM build 2335.15.00)
Copyright (C) 2007 Free Software Foundation, Inc.
This is free software; see the source for copying conditions.  There is NO
warranty; not even for MERCHANTABILITY or FITNESS FOR A PARTICULAR PURPOSE.

configure:2964: $? = 0
configure:2971: gcc -v >&5
Using built-in specs.
Target: i686-apple-darwin11
Configured with: /private/var/tmp/llvmgcc42/llvmgcc42-2335.15~25/src/configure --disable-checking --enable-werror --prefix=/Developer/usr/llvm-gcc-4.2 --mandir=/share/man --enable-languages=c,objc,c++,obj-c++ --program-prefix=llvm- --program-transform-name=/^[cg][^.-]*$/s/$/-4.2/ --with-slibdir=/usr/lib --build=i686-apple-darwin11 --enable-llvm=/private/var/tmp/llvmgcc42/llvmgcc42-2335.15~25/dst-llvmCore/Developer/usr/local --program-prefix=i686-apple-darwin11- --host=x86_64-apple-darwin11 --target=i686-apple-darwin11 --with-gxx-include-dir=/usr/include/c++/4.2.1
Thread model: posix
gcc version 4.2.1 (Based on Apple Inc. build 5658) (LLVM build 2335.15.00)
configure:2974: $? = 0
configure:2981: gcc -V >&5
llvm-gcc-4.2: argument to `-V' is missing
configure:2984: $? = 1
configure:3007: checking for C compiler default output file name
configure:3034: gcc -O2   conftest.c  >&5
configure:3037: $? = 0
configure:3075: result: a.out
configure:3092: checking whether the C compiler works
configure:3102: ./a.out
configure:3105: $? = 0
configure:3122: result: yes
configure:3129: checking whether we are cross compiling
configure:3131: result: no
configure:3134: checking for suffix of executables
configure:3141: gcc -o conftest -O2   conftest.c  >&5
configure:3144: $? = 0
configure:3168: result: 
configure:3174: checking for suffix of object files
configure:3200: gcc -c -O2  conftest.c >&5
configure:3203: $? = 0
configure:3226: result: o
configure:3230: checking whether we are using the GNU C compiler
configure:3259: gcc -c -O2  conftest.c >&5
configure:3265: $? = 0
configure:3282: result: yes
configure:3287: checking whether gcc accepts -g
configure:3317: gcc -c -g  conftest.c >&5
configure:3323: $? = 0
configure:3422: result: yes
configure:3439: checking for gcc option to accept ISO C89
configure:3513: gcc  -c -O2  conftest.c >&5
configure:3519: $? = 0
configure:3542: result: none needed
configure:3571: checking for style of include used by make
configure:3599: result: GNU
configure:3624: checking dependency style of gcc
configure:3715: result: gcc3
configure:3807: checking for g++
configure:3823: found /usr/bin/g++
configure:3834: result: g++
configure:3865: checking for C++ compiler version
configure:3872: g++ --version >&5
i686-apple-darwin11-llvm-g++-4.2 (GCC) 4.2.1 (Based on Apple Inc. build 5658) (LLVM build 2335.15.00)
Copyright (C) 2007 Free Software Foundation, Inc.
This is free software; see the source for copying conditions.  There is NO
warranty; not even for MERCHANTABILITY or FITNESS FOR A PARTICULAR PURPOSE.

configure:3875: $? = 0
configure:3882: g++ -v >&5
Using built-in specs.
Target: i686-apple-darwin11
Configured with: /private/var/tmp/llvmgcc42/llvmgcc42-2335.15~25/src/configure --disable-checking --enable-werror --prefix=/Developer/usr/llvm-gcc-4.2 --mandir=/share/man --enable-languages=c,objc,c++,obj-c++ --program-prefix=llvm- --program-transform-name=/^[cg][^.-]*$/s/$/-4.2/ --with-slibdir=/usr/lib --build=i686-apple-darwin11 --enable-llvm=/private/var/tmp/llvmgcc42/llvmgcc42-2335.15~25/dst-llvmCore/Developer/usr/local --program-prefix=i686-apple-darwin11- --host=x86_64-apple-darwin11 --target=i686-apple-darwin11 --with-gxx-include-dir=/usr/include/c++/4.2.1
Thread model: posix
gcc version 4.2.1 (Based on Apple Inc. build 5658) (LLVM build 2335.15.00)
configure:3885: $? = 0
configure:3892: g++ -V >&5
llvm-g++-4.2: argument to `-V' is missing
configure:3895: $? = 1
configure:3898: checking whether we are using the GNU C++ compiler
configure:3927: g++ -c -O2  conftest.cpp >&5
configure:3933: $? = 0
configure:3950: result: yes
configure:3955: checking whether g++ accepts -g
configure:3985: g++ -c -g  conftest.cpp >&5
configure:3991: $? = 0
configure:4090: result: yes
configure:4115: checking dependency style of g++
configure:4206: result: gcc3
configure:4249: checking how to run the C++ preprocessor
configure:4285: g++ -E  conftest.cpp
configure:4291: $? = 0
configure:4322: g++ -E  conftest.cpp
conftest.cpp:19:28: error: ac_nonexistent.h: No such file or directory
configure:4328: $? = 1
configure: failed program was:
| /* confdefs.h.  */
| #define PACKAGE_NAME "LiDIA"
| #define PACKAGE_TARNAME "lidia"
| #define PACKAGE_VERSION "2.3.0"
| #define PACKAGE_STRING "LiDIA 2.3.0"
| #define PACKAGE_BUGREPORT "lidia@cdc.informatik.tu-darmstadt.de"
| #define PACKAGE "lidia"
| #define VERSION "2.3.0"
| #define LIDIA_MAJOR_VERSION 2
| #define LIDIA_MINOR_VERSION 3
| #define LIDIA_PATCH_VERSION 0
| #define LIDIA_GF2N_DB "/usr/local/share/lidia/GF2n.database"
| #define LIDIA_PRIMELIST_NAME "/usr/local/share/lidia/LIDIA_PRIMES"
| #define LIDIA_ECO_DB "/usr/local/share/lidia/MOD_EQ"
| #define LIDIA_ECO2_DB "/usr/local/share/lidia/MOD_EQ_2"
| #define LIDIA_DISCRIMINANTS_DB "/usr/local/share/lidia/Discriminants"
| #define LIDIA_PRIME_DIFFS "/usr/local/share/lidia/LIDIA_PRIME_DIFFS"
| /* end confdefs.h.  */
| #include <ac_nonexistent.h>
configure:4361: result: g++ -E
configure:4390: g++ -E  conftest.cpp
configure:4396: $? = 0
configure:4427: g++ -E  conftest.cpp
conftest.cpp:19:28: error: ac_nonexistent.h: No such file or directory
configure:4433: $? = 1
configure: failed program was:
| /* confdefs.h.  */
| #define PACKAGE_NAME "LiDIA"
| #define PACKAGE_TARNAME "lidia"
| #define PACKAGE_VERSION "2.3.0"
| #define PACKAGE_STRING "LiDIA 2.3.0"
| #define PACKAGE_BUGREPORT "lidia@cdc.informatik.tu-darmstadt.de"
| #define PACKAGE "lidia"
| #define VERSION "2.3.0"
| #define LIDIA_MAJOR_VERSION 2
| #define LIDIA_MINOR_VERSION 3
| #define LIDIA_PATCH_VERSION 0
| #define LIDIA_GF2N_DB "/usr/local/share/lidia/GF2n.database"
| #define LIDIA_PRIMELIST_NAME "/usr/local/share/lidia/LIDIA_PRIMES"
| #define LIDIA_ECO_DB "/usr/local/share/lidia/MOD_EQ"
| #define LIDIA_ECO2_DB "/usr/local/share/lidia/MOD_EQ_2"
| #define LIDIA_DISCRIMINANTS_DB "/usr/local/share/lidia/Discriminants"
| #define LIDIA_PRIME_DIFFS "/usr/local/share/lidia/LIDIA_PRIME_DIFFS"
| /* end confdefs.h.  */
| #include <ac_nonexistent.h>
configure:4477: checking for type bool
configure:4492: g++ -c conftest.C
configure:4495: $? = 0
configure:4506: result: yes
configure:4510: checking for ISO C++ inline
configure:4528: g++ -c conftest.C
configure:4531: $? = 0
configure:4542: result: yes
configure:4546: checking for ISO C++ casting
configure:4565: g++ -c conftest.C
configure:4568: $? = 0
configure:4579: result: yes
configure:4583: checking for explicit constructors by ISO C++
configure:4602: g++ -c conftest.C
configure:4605: $? = 0
configure:4616: result: yes
configure:4620: checking for mutable class members by ISO C++
configure:4648: g++ -c conftest.C
configure:4651: $? = 0
configure:4662: result: yes
configure:4666: checking for working template<>
configure:4677: g++ -c conftest.C
configure:4680: $? = 0
configure:4691: result: yes
configure:4695: checking for explicit template instantiation by ISO C++
configure:4707: g++ -c conftest.C
configure:4710: $? = 0
configure:4721: result: yes
configure:4812: checking for ISO C++ namespaces
configure:4869: g++ -o conftest conftest.C
configure:4872: $? = 0
configure:4880: result: yes
configure:4965: checking build system type
configure:4983: result: i386-apple-darwin11.2.0
configure:5005: checking host system type
configure:5020: result: i386-apple-darwin11.2.0
configure:5042: checking for a sed that does not truncate output
configure:5121: result: /usr/bin/sed
configure:5139: checking for grep that handles long lines and -e
configure:5213: result: /usr/bin/grep
configure:5218: checking for egrep
configure:5296: result: /usr/bin/grep -E
configure:5301: checking for fgrep
configure:5379: result: /usr/bin/grep -F
configure:5414: checking for ld used by g++
configure:5481: result: /usr/llvm-gcc-4.2/libexec/gcc/i686-apple-darwin11/4.2.1/ld
configure:5490: checking if the linker (/usr/llvm-gcc-4.2/libexec/gcc/i686-apple-darwin11/4.2.1/ld) is GNU ld
configure:5505: result: no
configure:5517: checking for BSD- or MS-compatible name lister (nm)
configure:5566: result: /usr/bin/nm
configure:5688: checking the name lister (/usr/bin/nm) interface
configure:5695: g++ -c -O2  conftest.c >&5
configure:5698: /usr/bin/nm "conftest.o"
configure:5701: output
0000000000000000 S _some_variable
configure:5708: result: BSD nm
configure:5711: checking whether ln -s works
configure:5715: result: yes
configure:5723: checking the maximum length of command line arguments
configure:5843: result: 196608
configure:5860: checking whether the shell understands some XSI constructs
configure:5870: result: yes
configure:5874: checking whether the shell understands "+="
configure:5880: result: yes
configure:5915: checking for /usr/llvm-gcc-4.2/libexec/gcc/i686-apple-darwin11/4.2.1/ld option to reload object files
configure:5922: result: -r
configure:5949: checking how to recognize dependent libraries
configure:6139: result: pass_all
configure:6199: checking for ar
configure:6215: found /usr/bin/ar
configure:6226: result: ar
configure:6308: checking for strip
configure:6324: found /usr/bin/strip
configure:6335: result: strip
configure:6411: checking for ranlib
configure:6427: found /usr/bin/ranlib
configure:6438: result: ranlib
configure:6532: checking command to parse /usr/bin/nm output from g++ object
configure:6650: g++ -c -O2  conftest.c >&5
configure:6653: $? = 0
configure:6657: /usr/bin/nm conftest.o \| sed -n -e 's/^.*[	 ]\([BCDEGRST][BCDEGRST]*\)[	 ][	 ]*\([_A-Za-z][_A-Za-z0-9]*\)$/\1 \2 \2/p' \> conftest.nm
configure:6660: $? = 0
cannot find nm_test_var in conftest.nm
configure:6650: g++ -c -O2  conftest.c >&5
configure:6653: $? = 0
configure:6657: /usr/bin/nm conftest.o \| sed -n -e 's/^.*[	 ]\([BCDEGRST][BCDEGRST]*\)[	 ][	 ]*_\([_A-Za-z][_A-Za-z0-9]*\)$/\1 _\2 \2/p' \> conftest.nm
configure:6660: $? = 0
configure:6714: g++ -o conftest -O2   conftest.c conftstm.o >&5
configure:6717: $? = 0
configure:6755: result: ok
configure:7045: checking for dsymutil
configure:7061: found /usr/bin/dsymutil
configure:7072: result: dsymutil
configure:7141: checking for nmedit
configure:7157: found /usr/bin/nmedit
configure:7168: result: nmedit
configure:7237: checking for lipo
configure:7253: found /usr/bin/lipo
configure:7264: result: lipo
configure:7333: checking for otool
configure:7349: found /usr/bin/otool
configure:7360: result: otool
configure:7429: checking for otool64
configure:7459: result: no
configure:7508: checking for -single_module linker flag
g++ -O2  -o libconftest.dylib -dynamiclib -Wl,-single_module conftest.c
configure:7535: result: yes
configure:7537: checking for -exported_symbols_list linker flag
configure:7567: g++ -o conftest -O2   -Wl,-exported_symbols_list,conftest.sym conftest.c  >&5
configure:7573: $? = 0
configure:7592: result: yes
configure:7634: checking how to run the C preprocessor
configure:7674: g++ -E  conftest.c
configure:7680: $? = 0
configure:7711: g++ -E  conftest.c
conftest.c:20:28: error: ac_nonexistent.h: No such file or directory
configure:7717: $? = 1
configure: failed program was:
| /* confdefs.h.  */
| #define PACKAGE_NAME "LiDIA"
| #define PACKAGE_TARNAME "lidia"
| #define PACKAGE_VERSION "2.3.0"
| #define PACKAGE_STRING "LiDIA 2.3.0"
| #define PACKAGE_BUGREPORT "lidia@cdc.informatik.tu-darmstadt.de"
| #define PACKAGE "lidia"
| #define VERSION "2.3.0"
| #define LIDIA_MAJOR_VERSION 2
| #define LIDIA_MINOR_VERSION 3
| #define LIDIA_PATCH_VERSION 0
| #define LIDIA_GF2N_DB "/usr/local/share/lidia/GF2n.database"
| #define LIDIA_PRIMELIST_NAME "/usr/local/share/lidia/LIDIA_PRIMES"
| #define LIDIA_ECO_DB "/usr/local/share/lidia/MOD_EQ"
| #define LIDIA_ECO2_DB "/usr/local/share/lidia/MOD_EQ_2"
| #define LIDIA_DISCRIMINANTS_DB "/usr/local/share/lidia/Discriminants"
| #define LIDIA_PRIME_DIFFS "/usr/local/share/lidia/LIDIA_PRIME_DIFFS"
| #define LIDIA_NAMESPACE 1
| /* end confdefs.h.  */
| #include <ac_nonexistent.h>
configure:7750: result: g++ -E
configure:7779: g++ -E  conftest.c
configure:7785: $? = 0
configure:7816: g++ -E  conftest.c
conftest.c:20:28: error: ac_nonexistent.h: No such file or directory
configure:7822: $? = 1
configure: failed program was:
| /* confdefs.h.  */
| #define PACKAGE_NAME "LiDIA"
| #define PACKAGE_TARNAME "lidia"
| #define PACKAGE_VERSION "2.3.0"
| #define PACKAGE_STRING "LiDIA 2.3.0"
| #define PACKAGE_BUGREPORT "lidia@cdc.informatik.tu-darmstadt.de"
| #define PACKAGE "lidia"
| #define VERSION "2.3.0"
| #define LIDIA_MAJOR_VERSION 2
| #define LIDIA_MINOR_VERSION 3
| #define LIDIA_PATCH_VERSION 0
| #define LIDIA_GF2N_DB "/usr/local/share/lidia/GF2n.database"
| #define LIDIA_PRIMELIST_NAME "/usr/local/share/lidia/LIDIA_PRIMES"
| #define LIDIA_ECO_DB "/usr/local/share/lidia/MOD_EQ"
| #define LIDIA_ECO2_DB "/usr/local/share/lidia/MOD_EQ_2"
| #define LIDIA_DISCRIMINANTS_DB "/usr/local/share/lidia/Discriminants"
| #define LIDIA_PRIME_DIFFS "/usr/local/share/lidia/LIDIA_PRIME_DIFFS"
| #define LIDIA_NAMESPACE 1
| /* end confdefs.h.  */
| #include <ac_nonexistent.h>
configure:7860: checking for ANSI C header files
configure:7890: g++ -c -O2  conftest.c >&5
configure:7896: $? = 0
configure:7995: g++ -o conftest -O2   conftest.c  >&5
configure:7998: $? = 0
configure:8004: ./conftest
configure:8007: $? = 0
configure:8024: result: yes
configure:8048: checking for sys/types.h
configure:8069: g++ -c -O2  conftest.c >&5
configure:8075: $? = 0
configure:8091: result: yes
configure:8048: checking for sys/stat.h
configure:8069: g++ -c -O2  conftest.c >&5
configure:8075: $? = 0
configure:8091: result: yes
configure:8048: checking for stdlib.h
configure:8069: g++ -c -O2  conftest.c >&5
configure:8075: $? = 0
configure:8091: result: yes
configure:8048: checking for string.h
configure:8069: g++ -c -O2  conftest.c >&5
configure:8075: $? = 0
configure:8091: result: yes
configure:8048: checking for memory.h
configure:8069: g++ -c -O2  conftest.c >&5
configure:8075: $? = 0
configure:8091: result: yes
configure:8048: checking for strings.h
configure:8069: g++ -c -O2  conftest.c >&5
configure:8075: $? = 0
configure:8091: result: yes
configure:8048: checking for inttypes.h
configure:8069: g++ -c -O2  conftest.c >&5
configure:8075: $? = 0
configure:8091: result: yes
configure:8048: checking for stdint.h
configure:8069: g++ -c -O2  conftest.c >&5
configure:8075: $? = 0
configure:8091: result: yes
configure:8048: checking for unistd.h
configure:8069: g++ -c -O2  conftest.c >&5
configure:8075: $? = 0
configure:8091: result: yes
configure:8107: checking for dlfcn.h
configure:8128: g++ -c -O2  conftest.c >&5
configure:8134: $? = 0
configure:8150: result: yes
configure:8279: checking for C++ compiler version
configure:8286: g++ --version >&5
i686-apple-darwin11-llvm-g++-4.2 (GCC) 4.2.1 (Based on Apple Inc. build 5658) (LLVM build 2335.15.00)
Copyright (C) 2007 Free Software Foundation, Inc.
This is free software; see the source for copying conditions.  There is NO
warranty; not even for MERCHANTABILITY or FITNESS FOR A PARTICULAR PURPOSE.

configure:8289: $? = 0
configure:8296: g++ -v >&5
Using built-in specs.
Target: i686-apple-darwin11
Configured with: /private/var/tmp/llvmgcc42/llvmgcc42-2335.15~25/src/configure --disable-checking --enable-werror --prefix=/Developer/usr/llvm-gcc-4.2 --mandir=/share/man --enable-languages=c,objc,c++,obj-c++ --program-prefix=llvm- --program-transform-name=/^[cg][^.-]*$/s/$/-4.2/ --with-slibdir=/usr/lib --build=i686-apple-darwin11 --enable-llvm=/private/var/tmp/llvmgcc42/llvmgcc42-2335.15~25/dst-llvmCore/Developer/usr/local --program-prefix=i686-apple-darwin11- --host=x86_64-apple-darwin11 --target=i686-apple-darwin11 --with-gxx-include-dir=/usr/include/c++/4.2.1
Thread model: posix
gcc version 4.2.1 (Based on Apple Inc. build 5658) (LLVM build 2335.15.00)
configure:8299: $? = 0
configure:8306: g++ -V >&5
llvm-g++-4.2: argument to `-V' is missing
configure:8309: $? = 1
configure:8312: checking whether we are using the GNU C++ compiler
configure:8364: result: yes
configure:8369: checking whether g++ accepts -g
configure:8504: result: yes
configure:8529: checking dependency style of g++
configure:8620: result: gcc3
configure:8643: checking how to run the C++ preprocessor
configure:8755: result: g++ -E
configure:8784: g++ -E  conftest.cpp
configure:8790: $? = 0
configure:8821: g++ -E  conftest.cpp
conftest.cpp:31:28: error: ac_nonexistent.h: No such file or directory
configure:8827: $? = 1
configure: failed program was:
| /* confdefs.h.  */
| #define PACKAGE_NAME "LiDIA"
| #define PACKAGE_TARNAME "lidia"
| #define PACKAGE_VERSION "2.3.0"
| #define PACKAGE_STRING "LiDIA 2.3.0"
| #define PACKAGE_BUGREPORT "lidia@cdc.informatik.tu-darmstadt.de"
| #define PACKAGE "lidia"
| #define VERSION "2.3.0"
| #define LIDIA_MAJOR_VERSION 2
| #define LIDIA_MINOR_VERSION 3
| #define LIDIA_PATCH_VERSION 0
| #define LIDIA_GF2N_DB "/usr/local/share/lidia/GF2n.database"
| #define LIDIA_PRIMELIST_NAME "/usr/local/share/lidia/LIDIA_PRIMES"
| #define LIDIA_ECO_DB "/usr/local/share/lidia/MOD_EQ"
| #define LIDIA_ECO2_DB "/usr/local/share/lidia/MOD_EQ_2"
| #define LIDIA_DISCRIMINANTS_DB "/usr/local/share/lidia/Discriminants"
| #define LIDIA_PRIME_DIFFS "/usr/local/share/lidia/LIDIA_PRIME_DIFFS"
| #define LIDIA_NAMESPACE 1
| #define STDC_HEADERS 1
| #define HAVE_SYS_TYPES_H 1
| #define HAVE_SYS_STAT_H 1
| #define HAVE_STDLIB_H 1
| #define HAVE_STRING_H 1
| #define HAVE_MEMORY_H 1
| #define HAVE_STRINGS_H 1
| #define HAVE_INTTYPES_H 1
| #define HAVE_STDINT_H 1
| #define HAVE_UNISTD_H 1
| #define HAVE_DLFCN_H 1
| /* end confdefs.h.  */
| #include <ac_nonexistent.h>
configure:9009: checking for objdir
configure:9024: result: .libs
configure:9316: checking if g++ supports -fno-rtti -fno-exceptions
configure:9334: g++ -c -O2  -fno-rtti -fno-exceptions conftest.c >&5
configure:9338: $? = 0
configure:9351: result: yes
configure:9371: checking for g++ option to produce PIC
configure:9628: result: -fno-common -DPIC
configure:9640: checking if g++ PIC flag -fno-common -DPIC works
configure:9658: g++ -c -O2  -fno-common -DPIC -DPIC conftest.c >&5
configure:9662: $? = 0
configure:9675: result: yes
configure:9699: checking if g++ static flag -static works
configure:9727: result: no
configure:9742: checking if g++ supports -c -o file.o
configure:9763: g++ -c -O2  -o out/conftest2.o conftest.c >&5
configure:9767: $? = 0
configure:9789: result: yes
configure:9797: checking if g++ supports -c -o file.o
configure:9844: result: yes
configure:9877: checking whether the g++ linker (/usr/llvm-gcc-4.2/libexec/gcc/i686-apple-darwin11/4.2.1/ld) supports shared libraries
configure:10932: result: yes
configure:11171: checking dynamic linker characteristics
configure:11862: result: darwin11.2.0 dyld
configure:11964: checking how to hardcode library paths into programs
configure:11989: result: immediate
configure:12802: checking whether stripping libraries is possible
configure:12816: result: yes
configure:12842: checking if libtool supports shared libraries
configure:12844: result: yes
configure:12847: checking whether to build shared libraries
configure:12868: result: no
configure:12871: checking whether to build static libraries
configure:12875: result: yes
configure:13025: checking for ld used by g++
configure:13092: result: /usr/llvm-gcc-4.2/libexec/gcc/i686-apple-darwin11/4.2.1/ld
configure:13101: checking if the linker (/usr/llvm-gcc-4.2/libexec/gcc/i686-apple-darwin11/4.2.1/ld) is GNU ld
configure:13116: result: no
configure:13171: checking whether the g++ linker (/usr/llvm-gcc-4.2/libexec/gcc/i686-apple-darwin11/4.2.1/ld) supports shared libraries
configure:14133: result: yes
configure:14161: g++ -c -O2  conftest.cpp >&5
configure:14164: $? = 0
configure:14346: checking for g++ option to produce PIC
configure:14655: result: -fno-common -DPIC
configure:14664: checking if g++ PIC flag -fno-common -DPIC works
configure:14682: g++ -c -O2  -fno-common -DPIC -DPIC conftest.cpp >&5
configure:14686: $? = 0
configure:14699: result: yes
configure:14720: checking if g++ static flag -static works
configure:14748: result: no
configure:14760: checking if g++ supports -c -o file.o
configure:14781: g++ -c -O2  -o out/conftest2.o conftest.cpp >&5
configure:14785: $? = 0
configure:14807: result: yes
configure:14812: checking if g++ supports -c -o file.o
configure:14859: result: yes
configure:14889: checking whether the g++ linker (/usr/llvm-gcc-4.2/libexec/gcc/i686-apple-darwin11/4.2.1/ld) supports shared libraries
configure:14918: result: yes
configure:15055: checking dynamic linker characteristics
configure:15694: result: darwin11.2.0 dyld
configure:15745: checking how to hardcode library paths into programs
configure:15770: result: immediate
configure:15844: checking for latex
configure:15874: result: no
configure:16158: WARNING:
You don't appear to have LaTeX 2e or some required LaTeX 2e packages, therefore you
will not be able to build the manual.  You can obtain the manual in PostScript format
from http://www.informatik.tu-darmstadt.de/TI/LiDIA/
configure:16168: checking for gunzip
configure:16184: found /usr/bin/gunzip
configure:16195: result: gunzip
configure:16213: checking for bunzip2
configure:16229: found /usr/bin/bunzip2
configure:16240: result: bunzip2
configure:16520: checking which multi-precision arithmetic library to use
configure:16523: checking for GNU MP (version >= 3.1)
configure:16554: g++ -o conftest   conftest.C  -lgmp
conftest.C:1:17: error: gmp.h: No such file or directory
conftest.C:4:2: error: #error Need GMP >= 3.1!
conftest.C: In function 'int main()':
conftest.C:9: error: 'mpz_t' was not declared in this scope
conftest.C:9: error: expected `;' before 'x'
conftest.C:11: error: 'x' was not declared in this scope
conftest.C:11: error: 'mpz_init' was not declared in this scope
conftest.C:12: error: 'y' was not declared in this scope
conftest.C:13: error: 'z' was not declared in this scope
conftest.C:15: error: 'mpz_gcd' was not declared in this scope
conftest.C:17: error: 'mpz_clear' was not declared in this scope
configure:16557: $? = 1
configure:16566: result: no
configure:16578: checking for CLN
configure:16597: g++ -o conftest   conftest.C   -lcln
conftest.C:1:25: error: cln/integer.h: No such file or directory
conftest.C: In function 'int main()':
conftest.C:5: error: 'cln' has not been declared
conftest.C:5: error: expected `;' before 'x'
conftest.C:7: error: 'z' was not declared in this scope
conftest.C:7: error: 'x' was not declared in this scope
conftest.C:7: error: 'y' was not declared in this scope
conftest.C:7: error: 'gcd' was not declared in this scope
configure:16600: $? = 1
configure:16609: result: no
configure:16621: checking for Piologie
configure:16641: g++ -o conftest   conftest.C  -lpiologie
conftest.C:1:21: error: integer.h: No such file or directory
conftest.C: In function 'int main()':
conftest.C:6: error: 'Integer' was not declared in this scope
conftest.C:6: error: expected `;' before 'x'
conftest.C:8: error: 'z' was not declared in this scope
conftest.C:8: error: 'x' was not declared in this scope
conftest.C:8: error: 'y' was not declared in this scope
conftest.C:8: error: 'gcd' was not declared in this scope
configure:16644: $? = 1
configure:16653: result: no
configure:16665: checking for libI
configure:16691: g++ -o conftest   conftest.C  -lI
conftest.C:1:18: error: iint.h: No such file or directory
conftest.C: In function 'int main()':
conftest.C:5: error: 'Integer' was not declared in this scope
conftest.C:5: error: expected `;' before 'x'
conftest.C:7: error: 'x' was not declared in this scope
conftest.C:7: error: 'cI' was not declared in this scope
conftest.C:8: error: 'y' was not declared in this scope
conftest.C:9: error: 'z' was not declared in this scope
conftest.C:11: error: 'Idgcd' was not declared in this scope
conftest.C:13: error: 'dI' was not declared in this scope
configure:16694: $? = 1
configure:16703: result: no
configure:16714: error: could not find a multi-precision integer arithmetic.

## ---------------- ##
## Cache variables. ##
## ---------------- ##

ac_cv_build=i386-apple-darwin11.2.0
ac_cv_c_compiler_gnu=yes
ac_cv_cxx_compiler_gnu=yes
ac_cv_env_CCC_set=
ac_cv_env_CCC_value=
ac_cv_env_CC_set=
ac_cv_env_CC_value=
ac_cv_env_CFLAGS_set=
ac_cv_env_CFLAGS_value=
ac_cv_env_CPPFLAGS_set=
ac_cv_env_CPPFLAGS_value=
ac_cv_env_CPP_set=
ac_cv_env_CPP_value=
ac_cv_env_CXXCPP_set=
ac_cv_env_CXXCPP_value=
ac_cv_env_CXXFLAGS_set=
ac_cv_env_CXXFLAGS_value=
ac_cv_env_CXX_set=
ac_cv_env_CXX_value=
ac_cv_env_LDFLAGS_set=
ac_cv_env_LDFLAGS_value=
ac_cv_env_LIBS_set=
ac_cv_env_LIBS_value=
ac_cv_env_build_alias_set=
ac_cv_env_build_alias_value=
ac_cv_env_host_alias_set=
ac_cv_env_host_alias_value=
ac_cv_env_target_alias_set=
ac_cv_env_target_alias_value=
ac_cv_header_dlfcn_h=yes
ac_cv_header_inttypes_h=yes
ac_cv_header_memory_h=yes
ac_cv_header_stdc=yes
ac_cv_header_stdint_h=yes
ac_cv_header_stdlib_h=yes
ac_cv_header_string_h=yes
ac_cv_header_strings_h=yes
ac_cv_header_sys_stat_h=yes
ac_cv_header_sys_types_h=yes
ac_cv_header_unistd_h=yes
ac_cv_host=i386-apple-darwin11.2.0
ac_cv_objext=o
ac_cv_path_EGREP='/usr/bin/grep -E'
ac_cv_path_FGREP='/usr/bin/grep -F'
ac_cv_path_GREP=/usr/bin/grep
ac_cv_path_SED=/usr/bin/sed
ac_cv_path_install='/usr/bin/install -c'
ac_cv_prog_AWK=awk
ac_cv_prog_BUNZIP2=bunzip2
ac_cv_prog_CPP='g++ -E'
ac_cv_prog_CXXCPP='g++ -E'
ac_cv_prog_GUNZIP=gunzip
ac_cv_prog_ac_ct_AR=ar
ac_cv_prog_ac_ct_CC=gcc
ac_cv_prog_ac_ct_CXX=g++
ac_cv_prog_ac_ct_DSYMUTIL=dsymutil
ac_cv_prog_ac_ct_LIPO=lipo
ac_cv_prog_ac_ct_NMEDIT=nmedit
ac_cv_prog_ac_ct_OTOOL=otool
ac_cv_prog_ac_ct_RANLIB=ranlib
ac_cv_prog_ac_ct_STRIP=strip
ac_cv_prog_cc_c89=
ac_cv_prog_cc_g=yes
ac_cv_prog_cxx_g=yes
ac_cv_prog_make_make_set=yes
am_cv_CC_dependencies_compiler_type=gcc3
am_cv_CXX_dependencies_compiler_type=gcc3
am_cv_prog_tar_ustar=gnutar
lidia_cv_cln=no
lidia_cv_explicit_templates=yes
lidia_cv_gmp=no
lidia_cv_iso_bool=yes
lidia_cv_iso_cast=yes
lidia_cv_iso_explicit=yes
lidia_cv_iso_inline=yes
lidia_cv_iso_mutable=yes
lidia_cv_iso_namespaces=yes
lidia_cv_iso_templates=yes
lidia_cv_libI=no
lidia_cv_piologie=no
lt_cv_apple_cc_single_mod=yes
lt_cv_deplibs_check_method=pass_all
lt_cv_file_magic_cmd='$MAGIC_CMD'
lt_cv_file_magic_test_file=
lt_cv_ld_exported_symbols_list=yes
lt_cv_ld_reload_flag=-r
lt_cv_nm_interface='BSD nm'
lt_cv_objdir=.libs
lt_cv_path_LD=/usr/llvm-gcc-4.2/libexec/gcc/i686-apple-darwin11/4.2.1/ld
lt_cv_path_LDCXX=/usr/llvm-gcc-4.2/libexec/gcc/i686-apple-darwin11/4.2.1/ld
lt_cv_path_NM=/usr/bin/nm
lt_cv_prog_compiler_c_o=yes
lt_cv_prog_compiler_c_o_CXX=yes
lt_cv_prog_compiler_pic_works=yes
lt_cv_prog_compiler_pic_works_CXX=yes
lt_cv_prog_compiler_rtti_exceptions=yes
lt_cv_prog_compiler_static_works=no
lt_cv_prog_compiler_static_works_CXX=no
lt_cv_prog_gnu_ld=no
lt_cv_prog_gnu_ldcxx=no
lt_cv_sys_global_symbol_pipe='sed -n -e '\''s/^.*[	 ]\([BCDEGRST][BCDEGRST]*\)[	 ][	 ]*_\([_A-Za-z][_A-Za-z0-9]*\)$/\1 _\2 \2/p'\'''
lt_cv_sys_global_symbol_to_c_name_address='sed -n -e '\''s/^: \([^ ]*\) $/  {\"\1\", (void *) 0},/p'\'' -e '\''s/^[BCDEGRST]* \([^ ]*\) \([^ ]*\)$/  {"\2", (void *) \&\2},/p'\'''
lt_cv_sys_global_symbol_to_c_name_address_lib_prefix='sed -n -e '\''s/^: \([^ ]*\) $/  {\"\1\", (void *) 0},/p'\'' -e '\''s/^[BCDEGRST]* \([^ ]*\) \(lib[^ ]*\)$/  {"\2", (void *) \&\2},/p'\'' -e '\''s/^[BCDEGRST]* \([^ ]*\) \([^ ]*\)$/  {"lib\2", (void *) \&\2},/p'\'''
lt_cv_sys_global_symbol_to_cdecl='sed -n -e '\''s/^T .* \(.*\)$/extern int \1();/p'\'' -e '\''s/^[BCDEGRST]* .* \(.*\)$/extern char \1;/p'\'''
lt_cv_sys_max_cmd_len=196608

## ----------------- ##
## Output variables. ##
## ----------------- ##

ACLOCAL='${SHELL} /Users/smanikar/Courses/algos/project/source/aks-lidia/lidia-2.3.0/missing --run aclocal-1.10'
AMDEPBACKSLASH='\'
AMDEP_FALSE='#'
AMDEP_TRUE=''
AMTAR='${SHELL} /Users/smanikar/Courses/algos/project/source/aks-lidia/lidia-2.3.0/missing --run tar'
AR='ar'
AUTOCONF='${SHELL} /Users/smanikar/Courses/algos/project/source/aks-lidia/lidia-2.3.0/missing --run autoconf'
AUTOHEADER=':'
AUTOMAKE='${SHELL} /Users/smanikar/Courses/algos/project/source/aks-lidia/lidia-2.3.0/missing --run automake-1.10'
AWK='awk'
BIBTEX=''
BUNZIP2='bunzip2'
CC='gcc'
CCDEPMODE='depmode=gcc3'
CFLAGS='-O2'
CPP='g++ -E'
CPPFLAGS=''
CXX='g++'
CXXCPP='g++ -E'
CXXDEPMODE='depmode=gcc3'
CXXFLAGS='-O2'
CYGPATH_W='echo'
DEFS=''
DEPDIR='.deps'
DSYMUTIL='dsymutil'
DUMPBIN=''
DVIPS=''
ECHO_C='ECHO_N=''
ECHO_T=''
EGREP='/usr/bin/grep -E'
EXEEXT=''
FGREP='/usr/bin/grep -F'
GREP='/usr/bin/grep'
GUNZIP='gunzip'
INSTALL_DATA='${INSTALL} -m 644'
INSTALL_PROGRAM='${INSTALL}'
INSTALL_SCRIPT='${INSTALL}'
INSTALL_STRIP_PROGRAM='$(install_sh) -c -s'
LATEX2HTML=''
LATEX='${SHELL} /Users/smanikar/Courses/algos/project/source/aks-lidia/lidia-2.3.0/missing latex'
LD='/usr/llvm-gcc-4.2/libexec/gcc/i686-apple-darwin11/4.2.1/ld'
LDFLAGS=''
LIBOBJS=''
LIBS=''
LIBTOOL='$(SHELL) $(top_builddir)/libtool'
LIDIA_BASE_XLIBOBJS=''
LIDIA_BASE_XLTLIBOBJS=''
LIDIA_LTCLIBS=''
LIDIA_LT_XLIBOBJS=''
LIDIA_LT_XLTLIBOBJS=''
LIPO='lipo'
LN_S='ln -s'
LTLIBOBJS=''
MAKEINDEX=''
MAKEINFO='${SHELL} /Users/smanikar/Courses/algos/project/source/aks-lidia/lidia-2.3.0/missing --run makeinfo'
NM='/usr/bin/nm'
NMEDIT='nmedit'
OBJEXT='o'
OTOOL64=':'
OTOOL='otool'
PACKAGE='lidia'
PACKAGE_BUGREPORT='lidia@cdc.informatik.tu-darmstadt.de'
PACKAGE_NAME='LiDIA'
PACKAGE_STRING='LiDIA 2.3.0'
PACKAGE_TARNAME='lidia'
PACKAGE_VERSION='2.3.0'
PATH_SEPARATOR=':'
PDFLATEX=''
PKG_DIRS=''
RANLIB='ranlib'
SED='/usr/bin/sed'
SET_MAKE=''
SHELL='/bin/sh'
STRIP='strip'
TEXI2DVI=''
VERSION='2.3.0'
ac_ct_CC='gcc'
ac_ct_CXX='g++'
ac_ct_DUMPBIN=''
am__fastdepCC_FALSE='#'
am__fastdepCC_TRUE=''
am__fastdepCXX_FALSE='#'
am__fastdepCXX_TRUE=''
am__include='include'
am__isrc=''
am__leading_dot='.'
am__quote=''
am__tar='tar --format=ustar -chf - "$$tardir"'
am__untar='tar -xf -'
bindir='${exec_prefix}/bin'
build='i386-apple-darwin11.2.0'
build_alias=''
build_cpu='i386'
build_os='darwin11.2.0'
build_vendor='apple'
datadir='${datarootdir}'
datarootdir='${prefix}/share'
docdir='${datarootdir}/doc/${PACKAGE_TARNAME}'
dvidir='${docdir}'
exec_prefix='NONE'
host='i386-apple-darwin11.2.0'
host_alias=''
host_cpu='i386'
host_os='darwin11.2.0'
host_vendor='apple'
htmldir='${docdir}'
includedir='${prefix}/include'
infodir='${datarootdir}/info'
install_sh='$(SHELL) /Users/smanikar/Courses/algos/project/source/aks-lidia/lidia-2.3.0/install-sh'
libdir='${exec_prefix}/lib'
libexecdir='${exec_prefix}/libexec'
localedir='${datarootdir}/locale'
localstatedir='${prefix}/var'
lt_ECHO='/bin/echo'
mandir='${datarootdir}/man'
mkdir_p='$(top_builddir)/./install-sh -c -d'
oldincludedir='/usr/include'
pdfdir='${docdir}'
prefix='NONE'
program_transform_name='s,x,x,'
psdir='${docdir}'
sbindir='${exec_prefix}/sbin'
sharedstatedir='${prefix}/com'
sysconfdir='${prefix}/etc'
target_alias=''

## ----------- ##
## confdefs.h. ##
## ----------- ##

#define PACKAGE_NAME "LiDIA"
#define PACKAGE_TARNAME "lidia"
#define PACKAGE_VERSION "2.3.0"
#define PACKAGE_STRING "LiDIA 2.3.0"
#define PACKAGE_BUGREPORT "lidia@cdc.informatik.tu-darmstadt.de"
#define PACKAGE "lidia"
#define VERSION "2.3.0"
#define LIDIA_MAJOR_VERSION 2
#define LIDIA_MINOR_VERSION 3
#define LIDIA_PATCH_VERSION 0
#define LIDIA_GF2N_DB "/usr/local/share/lidia/GF2n.database"
#define LIDIA_PRIMELIST_NAME "/usr/local/share/lidia/LIDIA_PRIMES"
#define LIDIA_ECO_DB "/usr/local/share/lidia/MOD_EQ"
#define LIDIA_ECO2_DB "/usr/local/share/lidia/MOD_EQ_2"
#define LIDIA_DISCRIMINANTS_DB "/usr/local/share/lidia/Discriminants"
#define LIDIA_PRIME_DIFFS "/usr/local/share/lidia/LIDIA_PRIME_DIFFS"
#define LIDIA_NAMESPACE 1
#define STDC_HEADERS 1
#define HAVE_SYS_TYPES_H 1
#define HAVE_SYS_STAT_H 1
#define HAVE_STDLIB_H 1
#define HAVE_STRING_H 1
#define HAVE_MEMORY_H 1
#define HAVE_STRINGS_H 1
#define HAVE_INTTYPES_H 1
#define HAVE_STDINT_H 1
#define HAVE_UNISTD_H 1
#define HAVE_DLFCN_H 1
#define LT_OBJDIR ".libs/"
#define HAVE_GUNZIP 1
#define HAVE_BUNZIP2 1

configure: exit 1
